<?xml version="1.0" encoding="UTF-8"?>
<!-- Generated by org.testng.reporters.JUnitReportReporter -->
<testsuite skipped="0" hostname="LAPTOP-IB48B2FM" name="Test_Page.LoginPageTest" tests="2" failures="0" timestamp="2021-10-26T20:02:28 CDT" time="12.770" errors="0">
  <testcase name="loginTest" time="7.068" classname="Test_Page.LoginPageTest"/>
  <system-out/>
  <testcase name="pageTitleTest" time="5.702" classname="Test_Page.LoginPageTest"/>
  <system-out/>
</testsuite> <!-- Test_Page.LoginPageTest -->
