<?xml version="1.0" encoding="UTF-8"?>
<!-- Generated by org.testng.reporters.JUnitReportReporter -->
<testsuite skipped="0" hostname="LAPTOP-IB48B2FM" name="Test_Page.LoginPageTest" tests="2" failures="0" timestamp="27 Oct 2021 00:46:48 GMT" time="14.780" errors="0">
  <testcase name="pageTitleTest" time="5.402" classname="Test_Page.LoginPageTest"/>
  <testcase name="loginTest" time="9.378" classname="Test_Page.LoginPageTest"/>
</testsuite> <!-- Test_Page.LoginPageTest -->
